<?xml version="1.0" encoding="UTF-8"?>
<testsuite name="GET /api/banks" tests="1" skipped="0" failures="0" errors="0" timestamp="2023-01-07T14:59:26" hostname="Mac-Studio-Oleg" time="0.103">
  <properties/>
  <testcase name="should return all banks()" classname="com.tdmnsExamlpe.bankApplication.controller.BankControllerTest$GetBanks" time="0.103"/>
  <system-out><![CDATA[
  .   ____          _            __ _ _
 /\\ / ___'_ __ _ _(_)_ __  __ _ \ \ \ \
( ( )\___ | '_ | '_| | '_ \/ _` | \ \ \ \
 \\/  ___)| |_)| | | | | || (_| |  ) ) ) )
  '  |____| .__|_| |_|_| |_\__, | / / / /
 =========|_|==============|___/=/_/_/_/
 :: Spring Boot ::                (v3.0.1)

2023-01-07T21:59:26.442+07:00  INFO 8970 --- [    Test worker] c.t.b.controller.BankControllerTest      : Starting BankControllerTest using Java 19.0.1 with PID 8970 (started by olegkolbasa in /Users/olegkolbasa/SpringProjects/bankApplication)
2023-01-07T21:59:26.442+07:00  INFO 8970 --- [    Test worker] c.t.b.controller.BankControllerTest      : No active profile set, falling back to 1 default profile: "default"
2023-01-07T21:59:26.525+07:00  INFO 8970 --- [    Test worker] o.s.b.a.w.s.WelcomePageHandlerMapping    : Adding welcome page: class path resource [static/index.html]
2023-01-07T21:59:26.543+07:00  INFO 8970 --- [    Test worker] o.s.b.t.m.w.SpringBootMockServletContext : Initializing Spring TestDispatcherServlet ''
2023-01-07T21:59:26.543+07:00  INFO 8970 --- [    Test worker] o.s.t.web.servlet.TestDispatcherServlet  : Initializing Servlet ''
2023-01-07T21:59:26.544+07:00  INFO 8970 --- [    Test worker] o.s.t.web.servlet.TestDispatcherServlet  : Completed initialization in 0 ms
2023-01-07T21:59:26.547+07:00  INFO 8970 --- [    Test worker] c.t.b.controller.BankControllerTest      : Started BankControllerTest in 0.117 seconds (process running for 1.335)
2023-01-07T21:59:26.550+07:00  INFO 8970 --- [    Test worker] t.c.s.AnnotationConfigContextLoaderUtils : Could not detect default configuration classes for test class [com.tdmnsExamlpe.bankApplication.controller.BankControllerTest$GetBanks]: GetBanks does not declare any static, non-private, non-final, nested classes annotated with @Configuration.
2023-01-07T21:59:26.552+07:00  INFO 8970 --- [    Test worker] .b.t.c.SpringBootTestContextBootstrapper : Found @SpringBootConfiguration com.tdmnsExamlpe.bankApplication.BankApplication for test class com.tdmnsExamlpe.bankApplication.controller.BankControllerTest$GetBanks

MockHttpServletRequest:
      HTTP Method = GET
      Request URI = /api/banks
       Parameters = {}
          Headers = []
             Body = null
    Session Attrs = {}

Handler:
             Type = com.tdmnsExamlpe.bankApplication.controller.BankController
           Method = com.tdmnsExamlpe.bankApplication.controller.BankController#getBanks()

Async:
    Async started = false
     Async result = null

Resolved Exception:
             Type = null

ModelAndView:
        View name = null
             View = null
            Model = null

FlashMap:
       Attributes = null

MockHttpServletResponse:
           Status = 200
    Error message = null
          Headers = [Content-Type:"application/json"]
     Content type = application/json
             Body = [{"accountNumber":"Q2R2","trust":4.2,"transactionFee":1},{"accountNumber":"PQ03","trust":4.9,"transactionFee":0},{"accountNumber":"2ST1","trust":0.0,"transactionFee":1}]
    Forwarded URL = null
   Redirected URL = null
          Cookies = []
]]></system-out>
  <system-err><![CDATA[]]></system-err>
</testsuite>
