<?xml version="1.0" encoding="UTF-8"?>
<testsuite name="com.tdmnsExamlpe.bankApplication.BankApplicationTests" tests="1" skipped="0" failures="0" errors="0" timestamp="2023-01-07T14:59:26" hostname="Mac-Studio-Oleg" time="0.18">
  <properties/>
  <testcase name="contextLoads()" classname="com.tdmnsExamlpe.bankApplication.BankApplicationTests" time="0.18"/>
  <system-out><![CDATA[21:59:25.586 [Test worker] DEBUG org.springframework.boot.test.context.SpringBootTestContextBootstrapper - Neither @ContextConfiguration nor @ContextHierarchy found for test class [BankApplicationTests]: using SpringBootContextLoader
21:59:25.588 [Test worker] DEBUG org.springframework.test.context.support.AbstractContextLoader - Could not detect default resource locations for test class [com.tdmnsExamlpe.bankApplication.BankApplicationTests]: no resource found for suffixes {-context.xml, Context.groovy}.
21:59:25.589 [Test worker] INFO org.springframework.test.context.support.AnnotationConfigContextLoaderUtils - Could not detect default configuration classes for test class [com.tdmnsExamlpe.bankApplication.BankApplicationTests]: BankApplicationTests does not declare any static, non-private, non-final, nested classes annotated with @Configuration.
21:59:25.598 [Test worker] DEBUG org.springframework.boot.test.context.SpringBootTestContextBootstrapper - Using ContextCustomizers for test class [BankApplicationTests]: [DisableObservabilityContextCustomizer, PropertyMappingContextCustomizer, Customizer, ExcludeFilterContextCustomizer, DuplicateJsonObjectContextCustomizer, MockitoContextCustomizer, TestRestTemplateContextCustomizer]
21:59:25.628 [Test worker] DEBUG org.springframework.context.annotation.ClassPathScanningCandidateComponentProvider - Identified candidate component class: file [/Users/olegkolbasa/SpringProjects/bankApplication/build/classes/kotlin/main/com/tdmnsExamlpe/bankApplication/BankApplication.class]
21:59:25.632 [Test worker] INFO org.springframework.boot.test.context.SpringBootTestContextBootstrapper - Found @SpringBootConfiguration com.tdmnsExamlpe.bankApplication.BankApplication for test class com.tdmnsExamlpe.bankApplication.BankApplicationTests
21:59:25.667 [Test worker] DEBUG org.springframework.test.context.util.TestContextSpringFactoriesUtils - Skipping candidate TestExecutionListener [org.springframework.test.context.transaction.TransactionalTestExecutionListener] due to a missing dependency. Specify custom TestExecutionListener classes or make the default TestExecutionListener classes and their required dependencies available. Offending class: [org/springframework/transaction/interceptor/TransactionAttributeSource]
21:59:25.668 [Test worker] DEBUG org.springframework.test.context.util.TestContextSpringFactoriesUtils - Skipping candidate TestExecutionListener [org.springframework.test.context.jdbc.SqlScriptsTestExecutionListener] due to a missing dependency. Specify custom TestExecutionListener classes or make the default TestExecutionListener classes and their required dependencies available. Offending class: [org/springframework/transaction/interceptor/TransactionAttribute]
21:59:25.668 [Test worker] DEBUG org.springframework.boot.test.context.SpringBootTestContextBootstrapper - Using TestExecutionListeners for test class [BankApplicationTests]: [ServletTestExecutionListener, DirtiesContextBeforeModesTestExecutionListener, ApplicationEventsTestExecutionListener, MockitoTestExecutionListener, DependencyInjectionTestExecutionListener, DirtiesContextTestExecutionListener, EventPublishingTestExecutionListener, RestDocsTestExecutionListener, MockRestServiceServerResetTestExecutionListener, MockMvcPrintOnlyOnFailureTestExecutionListener, WebDriverTestExecutionListener, MockWebServiceServerTestExecutionListener, ResetMocksTestExecutionListener]
21:59:25.669 [Test worker] DEBUG org.springframework.test.context.support.AbstractDirtiesContextTestExecutionListener - Before test class: class [BankApplicationTests], class annotated with @DirtiesContext [false] with mode [null]

  .   ____          _            __ _ _
 /\\ / ___'_ __ _ _(_)_ __  __ _ \ \ \ \
( ( )\___ | '_ | '_| | '_ \/ _` | \ \ \ \
 \\/  ___)| |_)| | | | | || (_| |  ) ) ) )
  '  |____| .__|_| |_|_| |_\__, | / / / /
 =========|_|==============|___/=/_/_/_/
 :: Spring Boot ::                (v3.0.1)

2023-01-07T21:59:25.774+07:00  INFO 8970 --- [    Test worker] c.t.b.BankApplicationTests               : Starting BankApplicationTests using Java 19.0.1 with PID 8970 (started by olegkolbasa in /Users/olegkolbasa/SpringProjects/bankApplication)
2023-01-07T21:59:25.774+07:00  INFO 8970 --- [    Test worker] c.t.b.BankApplicationTests               : No active profile set, falling back to 1 default profile: "default"
2023-01-07T21:59:26.173+07:00  INFO 8970 --- [    Test worker] o.s.b.a.w.s.WelcomePageHandlerMapping    : Adding welcome page: class path resource [static/index.html]
2023-01-07T21:59:26.226+07:00  INFO 8970 --- [    Test worker] c.t.b.BankApplicationTests               : Started BankApplicationTests in 0.54 seconds (process running for 1.014)
]]></system-out>
  <system-err><![CDATA[]]></system-err>
</testsuite>
