<?xml version="1.0" encoding="UTF-8"?>
<testsuite name="DELETE /api/banks/{accountNumber}" tests="2" skipped="0" failures="0" errors="0" timestamp="2023-01-07T14:59:26" hostname="Mac-Studio-Oleg" time="0.011">
  <properties/>
  <testcase name="should return NOT FOUND if no bank with given account number exist()" classname="com.tdmnsExamlpe.bankApplication.controller.BankControllerTest$DeleteExistingBank" time="0.003"/>
  <testcase name="should delete an existing bank()" classname="com.tdmnsExamlpe.bankApplication.controller.BankControllerTest$DeleteExistingBank" time="0.008"/>
  <system-out><![CDATA[2023-01-07T21:59:26.731+07:00  INFO 8970 --- [    Test worker] t.c.s.AnnotationConfigContextLoaderUtils : Could not detect default configuration classes for test class [com.tdmnsExamlpe.bankApplication.controller.BankControllerTest$DeleteExistingBank]: DeleteExistingBank does not declare any static, non-private, non-final, nested classes annotated with @Configuration.
2023-01-07T21:59:26.732+07:00  INFO 8970 --- [    Test worker] .b.t.c.SpringBootTestContextBootstrapper : Found @SpringBootConfiguration com.tdmnsExamlpe.bankApplication.BankApplication for test class com.tdmnsExamlpe.bankApplication.controller.BankControllerTest$DeleteExistingBank

MockHttpServletRequest:
      HTTP Method = DELETE
      Request URI = /api/banks/does_not_exist
       Parameters = {}
          Headers = []
             Body = null
    Session Attrs = {}

Handler:
             Type = com.tdmnsExamlpe.bankApplication.controller.BankController
           Method = com.tdmnsExamlpe.bankApplication.controller.BankController#deleteBank(String)

Async:
    Async started = false
     Async result = null

Resolved Exception:
             Type = java.util.NoSuchElementException

ModelAndView:
        View name = null
             View = null
            Model = null

FlashMap:
       Attributes = null

MockHttpServletResponse:
           Status = 404
    Error message = null
          Headers = [Content-Type:"text/plain;charset=UTF-8", Content-Length:"56"]
     Content type = text/plain;charset=UTF-8
             Body = Could not find a bank with account number does_not_exist
    Forwarded URL = null
   Redirected URL = null
          Cookies = []

MockHttpServletRequest:
      HTTP Method = DELETE
      Request URI = /api/banks/PQ03
       Parameters = {}
          Headers = []
             Body = null
    Session Attrs = {}

Handler:
             Type = com.tdmnsExamlpe.bankApplication.controller.BankController
           Method = com.tdmnsExamlpe.bankApplication.controller.BankController#deleteBank(String)

Async:
    Async started = false
     Async result = null

Resolved Exception:
             Type = null

ModelAndView:
        View name = null
             View = null
            Model = null

FlashMap:
       Attributes = null

MockHttpServletResponse:
           Status = 204
    Error message = null
          Headers = []
     Content type = null
             Body = 
    Forwarded URL = null
   Redirected URL = null
          Cookies = []
]]></system-out>
  <system-err><![CDATA[]]></system-err>
</testsuite>
