<?xml version="1.0" encoding="UTF-8"?>
<testsuite name="GET /api/banks/{accountNumber}" tests="2" skipped="0" failures="0" errors="0" timestamp="2023-01-07T14:59:26" hostname="Mac-Studio-Oleg" time="0.016">
  <properties/>
  <testcase name="should return single bank with the given account number()" classname="com.tdmnsExamlpe.bankApplication.controller.BankControllerTest$GetBank" time="0.01"/>
  <testcase name="should return NOT FOUND if the account number doesnt exist()" classname="com.tdmnsExamlpe.bankApplication.controller.BankControllerTest$GetBank" time="0.006"/>
  <system-out><![CDATA[2023-01-07T21:59:26.659+07:00  INFO 8970 --- [    Test worker] t.c.s.AnnotationConfigContextLoaderUtils : Could not detect default configuration classes for test class [com.tdmnsExamlpe.bankApplication.controller.BankControllerTest$GetBank]: GetBank does not declare any static, non-private, non-final, nested classes annotated with @Configuration.
2023-01-07T21:59:26.661+07:00  INFO 8970 --- [    Test worker] .b.t.c.SpringBootTestContextBootstrapper : Found @SpringBootConfiguration com.tdmnsExamlpe.bankApplication.BankApplication for test class com.tdmnsExamlpe.bankApplication.controller.BankControllerTest$GetBank

MockHttpServletRequest:
      HTTP Method = GET
      Request URI = /api/banks/Q2R2
       Parameters = {}
          Headers = []
             Body = null
    Session Attrs = {}

Handler:
             Type = com.tdmnsExamlpe.bankApplication.controller.BankController
           Method = com.tdmnsExamlpe.bankApplication.controller.BankController#getBank(String)

Async:
    Async started = false
     Async result = null

Resolved Exception:
             Type = null

ModelAndView:
        View name = null
             View = null
            Model = null

FlashMap:
       Attributes = null

MockHttpServletResponse:
           Status = 200
    Error message = null
          Headers = [Content-Type:"application/json"]
     Content type = application/json
             Body = {"accountNumber":"Q2R2","trust":4.2,"transactionFee":1}
    Forwarded URL = null
   Redirected URL = null
          Cookies = []

MockHttpServletRequest:
      HTTP Method = GET
      Request URI = /api/banks/does_not_exist
       Parameters = {}
          Headers = []
             Body = null
    Session Attrs = {}

Handler:
             Type = com.tdmnsExamlpe.bankApplication.controller.BankController
           Method = com.tdmnsExamlpe.bankApplication.controller.BankController#getBank(String)

Async:
    Async started = false
     Async result = null

Resolved Exception:
             Type = java.util.NoSuchElementException

ModelAndView:
        View name = null
             View = null
            Model = null

FlashMap:
       Attributes = null

MockHttpServletResponse:
           Status = 404
    Error message = null
          Headers = [Content-Type:"text/plain;charset=UTF-8", Content-Length:"56"]
     Content type = text/plain;charset=UTF-8
             Body = Could not find a bank with account number does_not_exist
    Forwarded URL = null
   Redirected URL = null
          Cookies = []
]]></system-out>
  <system-err><![CDATA[]]></system-err>
</testsuite>
