<?xml version="1.0" encoding="UTF-8"?>
<testsuite name="POST /api/banks" tests="2" skipped="0" failures="0" errors="0" timestamp="2023-01-07T14:59:26" hostname="Mac-Studio-Oleg" time="0.035">
  <properties/>
  <testcase name="should add the new bank()" classname="com.tdmnsExamlpe.bankApplication.controller.BankControllerTest$AddBank" time="0.031"/>
  <testcase name="should return BAD REQUEST if bank with given number already exist()" classname="com.tdmnsExamlpe.bankApplication.controller.BankControllerTest$AddBank" time="0.004"/>
  <system-out><![CDATA[2023-01-07T21:59:26.680+07:00  INFO 8970 --- [    Test worker] t.c.s.AnnotationConfigContextLoaderUtils : Could not detect default configuration classes for test class [com.tdmnsExamlpe.bankApplication.controller.BankControllerTest$AddBank]: AddBank does not declare any static, non-private, non-final, nested classes annotated with @Configuration.
2023-01-07T21:59:26.681+07:00  INFO 8970 --- [    Test worker] .b.t.c.SpringBootTestContextBootstrapper : Found @SpringBootConfiguration com.tdmnsExamlpe.bankApplication.BankApplication for test class com.tdmnsExamlpe.bankApplication.controller.BankControllerTest$AddBank

MockHttpServletRequest:
      HTTP Method = POST
      Request URI = /api/banks
       Parameters = {}
          Headers = [Content-Type:"application/json;charset=UTF-8", Content-Length:"55"]
             Body = {"accountNumber":"Z4F8","trust":5.0,"transactionFee":2}
    Session Attrs = {}

Handler:
             Type = com.tdmnsExamlpe.bankApplication.controller.BankController
           Method = com.tdmnsExamlpe.bankApplication.controller.BankController#addBank(Bank)

Async:
    Async started = false
     Async result = null

Resolved Exception:
             Type = null

ModelAndView:
        View name = null
             View = null
            Model = null

FlashMap:
       Attributes = null

MockHttpServletResponse:
           Status = 201
    Error message = null
          Headers = [Content-Type:"application/json"]
     Content type = application/json
             Body = {"accountNumber":"Z4F8","trust":5.0,"transactionFee":2}
    Forwarded URL = null
   Redirected URL = null
          Cookies = []

MockHttpServletRequest:
      HTTP Method = POST
      Request URI = /api/banks
       Parameters = {}
          Headers = [Content-Type:"application/json;charset=UTF-8", Content-Length:"55"]
             Body = {"accountNumber":"Q2R2","trust":1.0,"transactionFee":1}
    Session Attrs = {}

Handler:
             Type = com.tdmnsExamlpe.bankApplication.controller.BankController
           Method = com.tdmnsExamlpe.bankApplication.controller.BankController#addBank(Bank)

Async:
    Async started = false
     Async result = null

Resolved Exception:
             Type = java.lang.IllegalArgumentException

ModelAndView:
        View name = null
             View = null
            Model = null

FlashMap:
       Attributes = null

MockHttpServletResponse:
           Status = 400
    Error message = null
          Headers = [Content-Type:"text/plain;charset=UTF-8", Content-Length:"43"]
     Content type = text/plain;charset=UTF-8
             Body = Bank with account number Q2R2 already exist
    Forwarded URL = null
   Redirected URL = null
          Cookies = []
]]></system-out>
  <system-err><![CDATA[]]></system-err>
</testsuite>
